<?xml version="1.0" encoding="UTF-8"?>
<!-- Generated by org.testng.reporters.JUnitReportReporter -->
<testsuite hostname="VI-D031" name="helper.SetLogin" tests="2" failures="0" timestamp="5 Oct 2015 05:46:02 GMT" time="7.834" errors="0">
  <testcase name="doLogin" time="7.476" classname="helper.SetLogin"/>
  <testcase name="TestLogin" time="0.358" classname="helper.SetLogin"/>
</testsuite> <!-- helper.SetLogin -->
