<?xml version="1.0" encoding="UTF-8"?>
<!-- Generated by org.testng.reporters.JUnitReportReporter -->
<testsuite hostname="VI-D031" name="test.Test123" tests="1" failures="0" timestamp="8 Oct 2015 12:31:31 GMT" time="0.004" errors="0">
  <testcase name="test222" time="0.004" classname="test.Test123"/>
</testsuite> <!-- test.Test123 -->
